2025-07-29 18:27:45,571 [INFO] Activator:176 - 


2025-07-29 18:27:45,572 [INFO] Activator:177 - !SESSION log4j initialized
2025-07-29 18:27:47,436 [INFO] LogOutputStream:77 - [STDOUT_REDIRECT] 
2025-07-29 18:27:47,963 [ERROR] LogOutputStream:75 - [STDERR_REDIRECT] java.net.URISyntaxException: Illegal character in path at index 32: file:/home/shailesh/Desktop/last can/.metadata/.log4j2.xml
2025-07-29 18:27:47,964 [ERROR] LogOutputStream:75 - [STDERR_REDIRECT] 	at java.base/java.net.URI$Parser.fail(URI.java:2995)
2025-07-29 18:27:47,965 [ERROR] LogOutputStream:75 - [STDERR_REDIRECT] 	at java.base/java.net.URI$Parser.checkChars(URI.java:3166)
2025-07-29 18:27:47,966 [ERROR] LogOutputStream:75 - [STDERR_REDIRECT] 	at java.base/java.net.URI$Parser.parseHierarchical(URI.java:3248)
2025-07-29 18:27:47,966 [ERROR] LogOutputStream:75 - [STDERR_REDIRECT] 	at java.base/java.net.URI$Parser.parse(URI.java:3196)
2025-07-29 18:27:47,967 [ERROR] LogOutputStream:75 - [STDERR_REDIRECT] 	at java.base/java.net.URI.<init>(URI.java:645)
2025-07-29 18:27:47,968 [ERROR] LogOutputStream:75 - [STDERR_REDIRECT] 	at java.base/java.net.URL.toURI(URL.java:1220)
2025-07-29 18:27:47,970 [ERROR] LogOutputStream:75 - [STDERR_REDIRECT] 	at com.st.stm32cube.common.mx.core.CubeMxInstance.getInstance(CubeMxInstance.java:81)
2025-07-29 18:27:47,971 [ERROR] LogOutputStream:75 - [STDERR_REDIRECT] 	at com.st.stm32cube.common.mx.userauth.UserAuthAdapter.<init>(UserAuthAdapter.java:25)
2025-07-29 18:27:47,971 [ERROR] LogOutputStream:75 - [STDERR_REDIRECT] 	at com.st.stm32cube.common.mx.userauth.UserAuthProvider.getUserAuthAdapter(UserAuthProvider.java:16)
2025-07-29 18:27:47,972 [ERROR] LogOutputStream:75 - [STDERR_REDIRECT] 	at com.st.stm32cube.common.ecosystemintegration.ui.core.MCUEcoSystemIntegrationUiHelper.getUserAuth(MCUEcoSystemIntegrationUiHelper.java:100)
2025-07-29 18:27:47,973 [ERROR] LogOutputStream:75 - [STDERR_REDIRECT] 	at com.st.stm32cube.ide.mcu.userauth.UserAuthStartup.earlyStartup(UserAuthStartup.java:32)
2025-07-29 18:27:47,973 [ERROR] LogOutputStream:75 - [STDERR_REDIRECT] 	at org.eclipse.ui.internal.EarlyStartupRunnable.runEarlyStartup(EarlyStartupRunnable.java:79)
2025-07-29 18:27:47,974 [ERROR] LogOutputStream:75 - [STDERR_REDIRECT] 	at org.eclipse.ui.internal.EarlyStartupRunnable.run(EarlyStartupRunnable.java:55)
2025-07-29 18:27:47,975 [ERROR] LogOutputStream:75 - [STDERR_REDIRECT] 	at org.eclipse.core.runtime.SafeRunner.run(SafeRunner.java:47)
2025-07-29 18:27:47,978 [ERROR] LogOutputStream:75 - [STDERR_REDIRECT] 	at org.eclipse.ui.internal.Workbench$39.run(Workbench.java:2733)
2025-07-29 18:27:47,978 [ERROR] LogOutputStream:75 - [STDERR_REDIRECT] 	at org.eclipse.core.internal.jobs.Worker.run(Worker.java:63)
2025-07-29 18:27:52,573 [ERROR] LogOutputStream:75 - [STDERR_REDIRECT] Jul 29, 2025 6:27:52 PM java.util.prefs.FileSystemPreferences$2 run
2025-07-29 18:27:52,573 [ERROR] LogOutputStream:75 - [STDERR_REDIRECT] WARNING: Could not create system preferences directory. System preferences are unusable.
2025-07-29 18:27:52,573 [ERROR] LogOutputStream:75 - [STDERR_REDIRECT] 
2025-07-29 18:27:54,955 [INFO] LogOutputStream:77 - [STDOUT_REDIRECT] 1 : Invalid condition id : UX_CORESTACK_Condition cause : null
2025-07-29 18:27:54,955 [INFO] LogOutputStream:77 - [STDOUT_REDIRECT] 1 : Invalid condition id : UX_CORESTACK_Condition cause : null
2025-07-29 18:27:54,956 [INFO] LogOutputStream:77 - [STDOUT_REDIRECT] 1 : Invalid condition id : UX_CORESTACK_Condition cause : null
2025-07-29 18:27:54,956 [INFO] LogOutputStream:77 - [STDOUT_REDIRECT] 1 : Invalid condition id : UX_CORESTACK_Condition cause : null
2025-07-29 18:27:54,956 [INFO] LogOutputStream:77 - [STDOUT_REDIRECT] 1 : Invalid condition id : UX_CORESTACK_Condition cause : null
2025-07-29 18:28:16,798 [ERROR] LogOutputStream:75 - [STDERR_REDIRECT] Jul 29, 2025 6:28:16 PM java.util.prefs.FileSystemPreferences checkLockFile0ErrorCode
2025-07-29 18:28:16,799 [ERROR] LogOutputStream:75 - [STDERR_REDIRECT] WARNING: Could not lock System prefs. Unix error code 2.
2025-07-29 18:28:16,799 [ERROR] LogOutputStream:75 - [STDERR_REDIRECT] 
2025-07-29 18:28:16,802 [ERROR] LogOutputStream:75 - [STDERR_REDIRECT] Jul 29, 2025 6:28:16 PM java.util.prefs.FileSystemPreferences syncWorld
2025-07-29 18:28:16,802 [ERROR] LogOutputStream:75 - [STDERR_REDIRECT] WARNING: Couldn't flush system prefs: java.util.prefs.BackingStoreException: Couldn't get file lock.
2025-07-29 18:28:16,803 [ERROR] LogOutputStream:75 - [STDERR_REDIRECT] 
2025-07-29 18:28:46,770 [ERROR] LogOutputStream:75 - [STDERR_REDIRECT] Jul 29, 2025 6:28:46 PM java.util.prefs.FileSystemPreferences checkLockFile0ErrorCode
2025-07-29 18:28:46,770 [ERROR] LogOutputStream:75 - [STDERR_REDIRECT] WARNING: Could not lock System prefs. Unix error code 2.
2025-07-29 18:28:46,771 [ERROR] LogOutputStream:75 - [STDERR_REDIRECT] 
2025-07-29 18:28:46,771 [ERROR] LogOutputStream:75 - [STDERR_REDIRECT] Jul 29, 2025 6:28:46 PM java.util.prefs.FileSystemPreferences syncWorld
2025-07-29 18:28:46,772 [ERROR] LogOutputStream:75 - [STDERR_REDIRECT] WARNING: Couldn't flush system prefs: java.util.prefs.BackingStoreException: Couldn't get file lock.
2025-07-29 18:28:46,772 [ERROR] LogOutputStream:75 - [STDERR_REDIRECT] 
2025-07-29 18:29:16,765 [ERROR] LogOutputStream:75 - [STDERR_REDIRECT] Jul 29, 2025 6:29:16 PM java.util.prefs.FileSystemPreferences checkLockFile0ErrorCode
2025-07-29 18:29:16,766 [ERROR] LogOutputStream:75 - [STDERR_REDIRECT] WARNING: Could not lock System prefs. Unix error code 2.
2025-07-29 18:29:16,767 [ERROR] LogOutputStream:75 - [STDERR_REDIRECT] 
2025-07-29 18:29:16,768 [ERROR] LogOutputStream:75 - [STDERR_REDIRECT] Jul 29, 2025 6:29:16 PM java.util.prefs.FileSystemPreferences syncWorld
2025-07-29 18:29:16,769 [ERROR] LogOutputStream:75 - [STDERR_REDIRECT] WARNING: Couldn't flush system prefs: java.util.prefs.BackingStoreException: Couldn't get file lock.
2025-07-29 18:29:16,770 [ERROR] LogOutputStream:75 - [STDERR_REDIRECT] 
2025-07-29 18:29:46,763 [ERROR] LogOutputStream:75 - [STDERR_REDIRECT] Jul 29, 2025 6:29:46 PM java.util.prefs.FileSystemPreferences checkLockFile0ErrorCode
2025-07-29 18:29:46,764 [ERROR] LogOutputStream:75 - [STDERR_REDIRECT] WARNING: Could not lock System prefs. Unix error code 2.
2025-07-29 18:29:46,764 [ERROR] LogOutputStream:75 - [STDERR_REDIRECT] 
2025-07-29 18:29:46,765 [ERROR] LogOutputStream:75 - [STDERR_REDIRECT] Jul 29, 2025 6:29:46 PM java.util.prefs.FileSystemPreferences syncWorld
2025-07-29 18:29:46,766 [ERROR] LogOutputStream:75 - [STDERR_REDIRECT] WARNING: Couldn't flush system prefs: java.util.prefs.BackingStoreException: Couldn't get file lock.
2025-07-29 18:29:46,766 [ERROR] LogOutputStream:75 - [STDERR_REDIRECT] 
2025-07-29 18:30:16,763 [ERROR] LogOutputStream:75 - [STDERR_REDIRECT] Jul 29, 2025 6:30:16 PM java.util.prefs.FileSystemPreferences checkLockFile0ErrorCode
2025-07-29 18:30:16,765 [ERROR] LogOutputStream:75 - [STDERR_REDIRECT] WARNING: Could not lock System prefs. Unix error code 2.
2025-07-29 18:30:16,766 [ERROR] LogOutputStream:75 - [STDERR_REDIRECT] 
2025-07-29 18:30:16,767 [ERROR] LogOutputStream:75 - [STDERR_REDIRECT] Jul 29, 2025 6:30:16 PM java.util.prefs.FileSystemPreferences syncWorld
2025-07-29 18:30:16,768 [ERROR] LogOutputStream:75 - [STDERR_REDIRECT] WARNING: Couldn't flush system prefs: java.util.prefs.BackingStoreException: Couldn't get file lock.
2025-07-29 18:30:16,769 [ERROR] LogOutputStream:75 - [STDERR_REDIRECT] 
2025-07-29 18:30:46,763 [ERROR] LogOutputStream:75 - [STDERR_REDIRECT] Jul 29, 2025 6:30:46 PM java.util.prefs.FileSystemPreferences checkLockFile0ErrorCode
2025-07-29 18:30:46,764 [ERROR] LogOutputStream:75 - [STDERR_REDIRECT] WARNING: Could not lock System prefs. Unix error code 2.
2025-07-29 18:30:46,765 [ERROR] LogOutputStream:75 - [STDERR_REDIRECT] 
2025-07-29 18:30:46,766 [ERROR] LogOutputStream:75 - [STDERR_REDIRECT] Jul 29, 2025 6:30:46 PM java.util.prefs.FileSystemPreferences syncWorld
2025-07-29 18:30:46,767 [ERROR] LogOutputStream:75 - [STDERR_REDIRECT] WARNING: Couldn't flush system prefs: java.util.prefs.BackingStoreException: Couldn't get file lock.
2025-07-29 18:30:46,767 [ERROR] LogOutputStream:75 - [STDERR_REDIRECT] 
2025-07-29 18:31:16,765 [ERROR] LogOutputStream:75 - [STDERR_REDIRECT] Jul 29, 2025 6:31:16 PM java.util.prefs.FileSystemPreferences checkLockFile0ErrorCode
2025-07-29 18:31:16,766 [ERROR] LogOutputStream:75 - [STDERR_REDIRECT] WARNING: Could not lock System prefs. Unix error code 2.
2025-07-29 18:31:16,766 [ERROR] LogOutputStream:75 - [STDERR_REDIRECT] 
2025-07-29 18:31:16,767 [ERROR] LogOutputStream:75 - [STDERR_REDIRECT] Jul 29, 2025 6:31:16 PM java.util.prefs.FileSystemPreferences syncWorld
2025-07-29 18:31:16,768 [ERROR] LogOutputStream:75 - [STDERR_REDIRECT] WARNING: Couldn't flush system prefs: java.util.prefs.BackingStoreException: Couldn't get file lock.
2025-07-29 18:31:16,768 [ERROR] LogOutputStream:75 - [STDERR_REDIRECT] 
2025-07-29 18:31:46,764 [ERROR] LogOutputStream:75 - [STDERR_REDIRECT] Jul 29, 2025 6:31:46 PM java.util.prefs.FileSystemPreferences checkLockFile0ErrorCode
2025-07-29 18:31:46,766 [ERROR] LogOutputStream:75 - [STDERR_REDIRECT] WARNING: Could not lock System prefs. Unix error code 2.
2025-07-29 18:31:46,767 [ERROR] LogOutputStream:75 - [STDERR_REDIRECT] 
2025-07-29 18:31:46,768 [ERROR] LogOutputStream:75 - [STDERR_REDIRECT] Jul 29, 2025 6:31:46 PM java.util.prefs.FileSystemPreferences syncWorld
2025-07-29 18:31:46,769 [ERROR] LogOutputStream:75 - [STDERR_REDIRECT] WARNING: Couldn't flush system prefs: java.util.prefs.BackingStoreException: Couldn't get file lock.
2025-07-29 18:31:46,770 [ERROR] LogOutputStream:75 - [STDERR_REDIRECT] 
2025-07-29 18:32:16,764 [ERROR] LogOutputStream:75 - [STDERR_REDIRECT] Jul 29, 2025 6:32:16 PM java.util.prefs.FileSystemPreferences checkLockFile0ErrorCode
2025-07-29 18:32:16,765 [ERROR] LogOutputStream:75 - [STDERR_REDIRECT] WARNING: Could not lock System prefs. Unix error code 2.
2025-07-29 18:32:16,765 [ERROR] LogOutputStream:75 - [STDERR_REDIRECT] 
2025-07-29 18:32:16,766 [ERROR] LogOutputStream:75 - [STDERR_REDIRECT] Jul 29, 2025 6:32:16 PM java.util.prefs.FileSystemPreferences syncWorld
2025-07-29 18:32:16,767 [ERROR] LogOutputStream:75 - [STDERR_REDIRECT] WARNING: Couldn't flush system prefs: java.util.prefs.BackingStoreException: Couldn't get file lock.
2025-07-29 18:32:16,768 [ERROR] LogOutputStream:75 - [STDERR_REDIRECT] 
2025-07-29 18:32:46,764 [ERROR] LogOutputStream:75 - [STDERR_REDIRECT] Jul 29, 2025 6:32:46 PM java.util.prefs.FileSystemPreferences checkLockFile0ErrorCode
2025-07-29 18:32:46,765 [ERROR] LogOutputStream:75 - [STDERR_REDIRECT] WARNING: Could not lock System prefs. Unix error code 2.
2025-07-29 18:32:46,767 [ERROR] LogOutputStream:75 - [STDERR_REDIRECT] 
2025-07-29 18:32:46,768 [ERROR] LogOutputStream:75 - [STDERR_REDIRECT] Jul 29, 2025 6:32:46 PM java.util.prefs.FileSystemPreferences syncWorld
2025-07-29 18:32:46,769 [ERROR] LogOutputStream:75 - [STDERR_REDIRECT] WARNING: Couldn't flush system prefs: java.util.prefs.BackingStoreException: Couldn't get file lock.
2025-07-29 18:32:46,769 [ERROR] LogOutputStream:75 - [STDERR_REDIRECT] 
2025-07-29 18:33:16,764 [ERROR] LogOutputStream:75 - [STDERR_REDIRECT] Jul 29, 2025 6:33:16 PM java.util.prefs.FileSystemPreferences checkLockFile0ErrorCode
2025-07-29 18:33:16,765 [ERROR] LogOutputStream:75 - [STDERR_REDIRECT] WARNING: Could not lock System prefs. Unix error code 2.
2025-07-29 18:33:16,766 [ERROR] LogOutputStream:75 - [STDERR_REDIRECT] 
2025-07-29 18:33:16,768 [ERROR] LogOutputStream:75 - [STDERR_REDIRECT] Jul 29, 2025 6:33:16 PM java.util.prefs.FileSystemPreferences syncWorld
2025-07-29 18:33:16,768 [ERROR] LogOutputStream:75 - [STDERR_REDIRECT] WARNING: Couldn't flush system prefs: java.util.prefs.BackingStoreException: Couldn't get file lock.
2025-07-29 18:33:16,769 [ERROR] LogOutputStream:75 - [STDERR_REDIRECT] 
2025-07-29 18:33:46,763 [ERROR] LogOutputStream:75 - [STDERR_REDIRECT] Jul 29, 2025 6:33:46 PM java.util.prefs.FileSystemPreferences checkLockFile0ErrorCode
2025-07-29 18:33:46,763 [ERROR] LogOutputStream:75 - [STDERR_REDIRECT] WARNING: Could not lock System prefs. Unix error code 2.
2025-07-29 18:33:46,764 [ERROR] LogOutputStream:75 - [STDERR_REDIRECT] 
2025-07-29 18:33:46,764 [ERROR] LogOutputStream:75 - [STDERR_REDIRECT] Jul 29, 2025 6:33:46 PM java.util.prefs.FileSystemPreferences syncWorld
2025-07-29 18:33:46,765 [ERROR] LogOutputStream:75 - [STDERR_REDIRECT] WARNING: Couldn't flush system prefs: java.util.prefs.BackingStoreException: Couldn't get file lock.
2025-07-29 18:33:46,765 [ERROR] LogOutputStream:75 - [STDERR_REDIRECT] 
2025-07-29 18:34:16,764 [ERROR] LogOutputStream:75 - [STDERR_REDIRECT] Jul 29, 2025 6:34:16 PM java.util.prefs.FileSystemPreferences checkLockFile0ErrorCode
2025-07-29 18:34:16,765 [ERROR] LogOutputStream:75 - [STDERR_REDIRECT] WARNING: Could not lock System prefs. Unix error code 2.
2025-07-29 18:34:16,765 [ERROR] LogOutputStream:75 - [STDERR_REDIRECT] 
2025-07-29 18:34:16,766 [ERROR] LogOutputStream:75 - [STDERR_REDIRECT] Jul 29, 2025 6:34:16 PM java.util.prefs.FileSystemPreferences syncWorld
2025-07-29 18:34:16,767 [ERROR] LogOutputStream:75 - [STDERR_REDIRECT] WARNING: Couldn't flush system prefs: java.util.prefs.BackingStoreException: Couldn't get file lock.
2025-07-29 18:34:16,767 [ERROR] LogOutputStream:75 - [STDERR_REDIRECT] 
2025-07-29 18:34:46,763 [ERROR] LogOutputStream:75 - [STDERR_REDIRECT] Jul 29, 2025 6:34:46 PM java.util.prefs.FileSystemPreferences checkLockFile0ErrorCode
2025-07-29 18:34:46,764 [ERROR] LogOutputStream:75 - [STDERR_REDIRECT] WARNING: Could not lock System prefs. Unix error code 2.
2025-07-29 18:34:46,765 [ERROR] LogOutputStream:75 - [STDERR_REDIRECT] 
2025-07-29 18:34:46,766 [ERROR] LogOutputStream:75 - [STDERR_REDIRECT] Jul 29, 2025 6:34:46 PM java.util.prefs.FileSystemPreferences syncWorld
2025-07-29 18:34:46,767 [ERROR] LogOutputStream:75 - [STDERR_REDIRECT] WARNING: Couldn't flush system prefs: java.util.prefs.BackingStoreException: Couldn't get file lock.
2025-07-29 18:34:46,767 [ERROR] LogOutputStream:75 - [STDERR_REDIRECT] 
2025-07-29 18:35:16,764 [ERROR] LogOutputStream:75 - [STDERR_REDIRECT] Jul 29, 2025 6:35:16 PM java.util.prefs.FileSystemPreferences checkLockFile0ErrorCode
2025-07-29 18:35:16,765 [ERROR] LogOutputStream:75 - [STDERR_REDIRECT] WARNING: Could not lock System prefs. Unix error code 2.
2025-07-29 18:35:16,766 [ERROR] LogOutputStream:75 - [STDERR_REDIRECT] 
2025-07-29 18:35:16,767 [ERROR] LogOutputStream:75 - [STDERR_REDIRECT] Jul 29, 2025 6:35:16 PM java.util.prefs.FileSystemPreferences syncWorld
2025-07-29 18:35:16,768 [ERROR] LogOutputStream:75 - [STDERR_REDIRECT] WARNING: Couldn't flush system prefs: java.util.prefs.BackingStoreException: Couldn't get file lock.
2025-07-29 18:35:16,768 [ERROR] LogOutputStream:75 - [STDERR_REDIRECT] 
2025-07-29 18:35:46,765 [ERROR] LogOutputStream:75 - [STDERR_REDIRECT] Jul 29, 2025 6:35:46 PM java.util.prefs.FileSystemPreferences checkLockFile0ErrorCode
2025-07-29 18:35:46,765 [ERROR] LogOutputStream:75 - [STDERR_REDIRECT] WARNING: Could not lock System prefs. Unix error code 2.
2025-07-29 18:35:46,766 [ERROR] LogOutputStream:75 - [STDERR_REDIRECT] 
2025-07-29 18:35:46,767 [ERROR] LogOutputStream:75 - [STDERR_REDIRECT] Jul 29, 2025 6:35:46 PM java.util.prefs.FileSystemPreferences syncWorld
2025-07-29 18:35:46,768 [ERROR] LogOutputStream:75 - [STDERR_REDIRECT] WARNING: Couldn't flush system prefs: java.util.prefs.BackingStoreException: Couldn't get file lock.
2025-07-29 18:35:46,769 [ERROR] LogOutputStream:75 - [STDERR_REDIRECT] 
2025-07-29 18:36:16,763 [ERROR] LogOutputStream:75 - [STDERR_REDIRECT] Jul 29, 2025 6:36:16 PM java.util.prefs.FileSystemPreferences checkLockFile0ErrorCode
2025-07-29 18:36:16,763 [ERROR] LogOutputStream:75 - [STDERR_REDIRECT] WARNING: Could not lock System prefs. Unix error code 2.
2025-07-29 18:36:16,763 [ERROR] LogOutputStream:75 - [STDERR_REDIRECT] 
2025-07-29 18:36:16,764 [ERROR] LogOutputStream:75 - [STDERR_REDIRECT] Jul 29, 2025 6:36:16 PM java.util.prefs.FileSystemPreferences syncWorld
2025-07-29 18:36:16,764 [ERROR] LogOutputStream:75 - [STDERR_REDIRECT] WARNING: Couldn't flush system prefs: java.util.prefs.BackingStoreException: Couldn't get file lock.
2025-07-29 18:36:16,764 [ERROR] LogOutputStream:75 - [STDERR_REDIRECT] 
2025-07-29 18:36:46,765 [ERROR] LogOutputStream:75 - [STDERR_REDIRECT] Jul 29, 2025 6:36:46 PM java.util.prefs.FileSystemPreferences checkLockFile0ErrorCode
2025-07-29 18:36:46,766 [ERROR] LogOutputStream:75 - [STDERR_REDIRECT] WARNING: Could not lock System prefs. Unix error code 2.
2025-07-29 18:36:46,767 [ERROR] LogOutputStream:75 - [STDERR_REDIRECT] 
2025-07-29 18:36:46,768 [ERROR] LogOutputStream:75 - [STDERR_REDIRECT] Jul 29, 2025 6:36:46 PM java.util.prefs.FileSystemPreferences syncWorld
2025-07-29 18:36:46,768 [ERROR] LogOutputStream:75 - [STDERR_REDIRECT] WARNING: Couldn't flush system prefs: java.util.prefs.BackingStoreException: Couldn't get file lock.
2025-07-29 18:36:46,768 [ERROR] LogOutputStream:75 - [STDERR_REDIRECT] 
2025-07-29 18:37:16,764 [ERROR] LogOutputStream:75 - [STDERR_REDIRECT] Jul 29, 2025 6:37:16 PM java.util.prefs.FileSystemPreferences checkLockFile0ErrorCode
2025-07-29 18:37:16,765 [ERROR] LogOutputStream:75 - [STDERR_REDIRECT] WARNING: Could not lock System prefs. Unix error code 2.
2025-07-29 18:37:16,766 [ERROR] LogOutputStream:75 - [STDERR_REDIRECT] 
2025-07-29 18:37:16,767 [ERROR] LogOutputStream:75 - [STDERR_REDIRECT] Jul 29, 2025 6:37:16 PM java.util.prefs.FileSystemPreferences syncWorld
2025-07-29 18:37:16,768 [ERROR] LogOutputStream:75 - [STDERR_REDIRECT] WARNING: Couldn't flush system prefs: java.util.prefs.BackingStoreException: Couldn't get file lock.
2025-07-29 18:37:16,768 [ERROR] LogOutputStream:75 - [STDERR_REDIRECT] 
2025-07-29 18:37:46,765 [ERROR] LogOutputStream:75 - [STDERR_REDIRECT] Jul 29, 2025 6:37:46 PM java.util.prefs.FileSystemPreferences checkLockFile0ErrorCode
2025-07-29 18:37:46,766 [ERROR] LogOutputStream:75 - [STDERR_REDIRECT] WARNING: Could not lock System prefs. Unix error code 2.
2025-07-29 18:37:46,766 [ERROR] LogOutputStream:75 - [STDERR_REDIRECT] 
2025-07-29 18:37:46,767 [ERROR] LogOutputStream:75 - [STDERR_REDIRECT] Jul 29, 2025 6:37:46 PM java.util.prefs.FileSystemPreferences syncWorld
2025-07-29 18:37:46,768 [ERROR] LogOutputStream:75 - [STDERR_REDIRECT] WARNING: Couldn't flush system prefs: java.util.prefs.BackingStoreException: Couldn't get file lock.
2025-07-29 18:37:46,768 [ERROR] LogOutputStream:75 - [STDERR_REDIRECT] 
2025-07-29 18:38:16,766 [ERROR] LogOutputStream:75 - [STDERR_REDIRECT] Jul 29, 2025 6:38:16 PM java.util.prefs.FileSystemPreferences checkLockFile0ErrorCode
2025-07-29 18:38:16,767 [ERROR] LogOutputStream:75 - [STDERR_REDIRECT] WARNING: Could not lock System prefs. Unix error code 2.
2025-07-29 18:38:16,768 [ERROR] LogOutputStream:75 - [STDERR_REDIRECT] 
2025-07-29 18:38:16,769 [ERROR] LogOutputStream:75 - [STDERR_REDIRECT] Jul 29, 2025 6:38:16 PM java.util.prefs.FileSystemPreferences syncWorld
2025-07-29 18:38:16,770 [ERROR] LogOutputStream:75 - [STDERR_REDIRECT] WARNING: Couldn't flush system prefs: java.util.prefs.BackingStoreException: Couldn't get file lock.
2025-07-29 18:38:16,771 [ERROR] LogOutputStream:75 - [STDERR_REDIRECT] 
2025-07-29 18:38:46,768 [ERROR] LogOutputStream:75 - [STDERR_REDIRECT] Jul 29, 2025 6:38:46 PM java.util.prefs.FileSystemPreferences checkLockFile0ErrorCode
2025-07-29 18:38:46,769 [ERROR] LogOutputStream:75 - [STDERR_REDIRECT] WARNING: Could not lock System prefs. Unix error code 2.
2025-07-29 18:38:46,769 [ERROR] LogOutputStream:75 - [STDERR_REDIRECT] 
2025-07-29 18:38:46,770 [ERROR] LogOutputStream:75 - [STDERR_REDIRECT] Jul 29, 2025 6:38:46 PM java.util.prefs.FileSystemPreferences syncWorld
2025-07-29 18:38:46,770 [ERROR] LogOutputStream:75 - [STDERR_REDIRECT] WARNING: Couldn't flush system prefs: java.util.prefs.BackingStoreException: Couldn't get file lock.
2025-07-29 18:38:46,771 [ERROR] LogOutputStream:75 - [STDERR_REDIRECT] 
2025-07-29 18:39:16,767 [ERROR] LogOutputStream:75 - [STDERR_REDIRECT] Jul 29, 2025 6:39:16 PM java.util.prefs.FileSystemPreferences checkLockFile0ErrorCode
2025-07-29 18:39:16,768 [ERROR] LogOutputStream:75 - [STDERR_REDIRECT] WARNING: Could not lock System prefs. Unix error code 2.
2025-07-29 18:39:16,769 [ERROR] LogOutputStream:75 - [STDERR_REDIRECT] 
2025-07-29 18:39:16,770 [ERROR] LogOutputStream:75 - [STDERR_REDIRECT] Jul 29, 2025 6:39:16 PM java.util.prefs.FileSystemPreferences syncWorld
2025-07-29 18:39:16,771 [ERROR] LogOutputStream:75 - [STDERR_REDIRECT] WARNING: Couldn't flush system prefs: java.util.prefs.BackingStoreException: Couldn't get file lock.
2025-07-29 18:39:16,772 [ERROR] LogOutputStream:75 - [STDERR_REDIRECT] 
2025-07-29 18:39:46,767 [ERROR] LogOutputStream:75 - [STDERR_REDIRECT] Jul 29, 2025 6:39:46 PM java.util.prefs.FileSystemPreferences checkLockFile0ErrorCode
2025-07-29 18:39:46,768 [ERROR] LogOutputStream:75 - [STDERR_REDIRECT] WARNING: Could not lock System prefs. Unix error code 2.
2025-07-29 18:39:46,768 [ERROR] LogOutputStream:75 - [STDERR_REDIRECT] 
2025-07-29 18:39:46,769 [ERROR] LogOutputStream:75 - [STDERR_REDIRECT] Jul 29, 2025 6:39:46 PM java.util.prefs.FileSystemPreferences syncWorld
2025-07-29 18:39:46,769 [ERROR] LogOutputStream:75 - [STDERR_REDIRECT] WARNING: Couldn't flush system prefs: java.util.prefs.BackingStoreException: Couldn't get file lock.
2025-07-29 18:39:46,769 [ERROR] LogOutputStream:75 - [STDERR_REDIRECT] 
2025-07-29 18:40:16,768 [ERROR] LogOutputStream:75 - [STDERR_REDIRECT] Jul 29, 2025 6:40:16 PM java.util.prefs.FileSystemPreferences checkLockFile0ErrorCode
2025-07-29 18:40:16,769 [ERROR] LogOutputStream:75 - [STDERR_REDIRECT] WARNING: Could not lock System prefs. Unix error code 2.
2025-07-29 18:40:16,769 [ERROR] LogOutputStream:75 - [STDERR_REDIRECT] 
2025-07-29 18:40:16,771 [ERROR] LogOutputStream:75 - [STDERR_REDIRECT] Jul 29, 2025 6:40:16 PM java.util.prefs.FileSystemPreferences syncWorld
2025-07-29 18:40:16,771 [ERROR] LogOutputStream:75 - [STDERR_REDIRECT] WARNING: Couldn't flush system prefs: java.util.prefs.BackingStoreException: Couldn't get file lock.
2025-07-29 18:40:16,772 [ERROR] LogOutputStream:75 - [STDERR_REDIRECT] 
2025-07-29 18:40:46,768 [ERROR] LogOutputStream:75 - [STDERR_REDIRECT] Jul 29, 2025 6:40:46 PM java.util.prefs.FileSystemPreferences checkLockFile0ErrorCode
2025-07-29 18:40:46,769 [ERROR] LogOutputStream:75 - [STDERR_REDIRECT] WARNING: Could not lock System prefs. Unix error code 2.
2025-07-29 18:40:46,769 [ERROR] LogOutputStream:75 - [STDERR_REDIRECT] 
2025-07-29 18:40:46,770 [ERROR] LogOutputStream:75 - [STDERR_REDIRECT] Jul 29, 2025 6:40:46 PM java.util.prefs.FileSystemPreferences syncWorld
2025-07-29 18:40:46,771 [ERROR] LogOutputStream:75 - [STDERR_REDIRECT] WARNING: Couldn't flush system prefs: java.util.prefs.BackingStoreException: Couldn't get file lock.
2025-07-29 18:40:46,771 [ERROR] LogOutputStream:75 - [STDERR_REDIRECT] 
2025-07-29 18:41:16,769 [ERROR] LogOutputStream:75 - [STDERR_REDIRECT] Jul 29, 2025 6:41:16 PM java.util.prefs.FileSystemPreferences checkLockFile0ErrorCode
2025-07-29 18:41:16,770 [ERROR] LogOutputStream:75 - [STDERR_REDIRECT] WARNING: Could not lock System prefs. Unix error code 2.
2025-07-29 18:41:16,771 [ERROR] LogOutputStream:75 - [STDERR_REDIRECT] 
2025-07-29 18:41:16,772 [ERROR] LogOutputStream:75 - [STDERR_REDIRECT] Jul 29, 2025 6:41:16 PM java.util.prefs.FileSystemPreferences syncWorld
2025-07-29 18:41:16,773 [ERROR] LogOutputStream:75 - [STDERR_REDIRECT] WARNING: Couldn't flush system prefs: java.util.prefs.BackingStoreException: Couldn't get file lock.
2025-07-29 18:41:16,774 [ERROR] LogOutputStream:75 - [STDERR_REDIRECT] 
2025-07-29 18:41:46,769 [ERROR] LogOutputStream:75 - [STDERR_REDIRECT] Jul 29, 2025 6:41:46 PM java.util.prefs.FileSystemPreferences checkLockFile0ErrorCode
2025-07-29 18:41:46,769 [ERROR] LogOutputStream:75 - [STDERR_REDIRECT] WARNING: Could not lock System prefs. Unix error code 2.
2025-07-29 18:41:46,771 [ERROR] LogOutputStream:75 - [STDERR_REDIRECT] 
2025-07-29 18:41:46,773 [ERROR] LogOutputStream:75 - [STDERR_REDIRECT] Jul 29, 2025 6:41:46 PM java.util.prefs.FileSystemPreferences syncWorld
2025-07-29 18:41:46,774 [ERROR] LogOutputStream:75 - [STDERR_REDIRECT] WARNING: Couldn't flush system prefs: java.util.prefs.BackingStoreException: Couldn't get file lock.
2025-07-29 18:41:46,775 [ERROR] LogOutputStream:75 - [STDERR_REDIRECT] 
2025-07-29 18:42:16,769 [ERROR] LogOutputStream:75 - [STDERR_REDIRECT] Jul 29, 2025 6:42:16 PM java.util.prefs.FileSystemPreferences checkLockFile0ErrorCode
2025-07-29 18:42:16,769 [ERROR] LogOutputStream:75 - [STDERR_REDIRECT] WARNING: Could not lock System prefs. Unix error code 2.
2025-07-29 18:42:16,770 [ERROR] LogOutputStream:75 - [STDERR_REDIRECT] 
2025-07-29 18:42:16,771 [ERROR] LogOutputStream:75 - [STDERR_REDIRECT] Jul 29, 2025 6:42:16 PM java.util.prefs.FileSystemPreferences syncWorld
2025-07-29 18:42:16,772 [ERROR] LogOutputStream:75 - [STDERR_REDIRECT] WARNING: Couldn't flush system prefs: java.util.prefs.BackingStoreException: Couldn't get file lock.
2025-07-29 18:42:16,773 [ERROR] LogOutputStream:75 - [STDERR_REDIRECT] 
2025-07-29 18:42:46,769 [ERROR] LogOutputStream:75 - [STDERR_REDIRECT] Jul 29, 2025 6:42:46 PM java.util.prefs.FileSystemPreferences checkLockFile0ErrorCode
2025-07-29 18:42:46,769 [ERROR] LogOutputStream:75 - [STDERR_REDIRECT] WARNING: Could not lock System prefs. Unix error code 2.
2025-07-29 18:42:46,770 [ERROR] LogOutputStream:75 - [STDERR_REDIRECT] 
2025-07-29 18:42:46,771 [ERROR] LogOutputStream:75 - [STDERR_REDIRECT] Jul 29, 2025 6:42:46 PM java.util.prefs.FileSystemPreferences syncWorld
2025-07-29 18:42:46,772 [ERROR] LogOutputStream:75 - [STDERR_REDIRECT] WARNING: Couldn't flush system prefs: java.util.prefs.BackingStoreException: Couldn't get file lock.
2025-07-29 18:42:46,772 [ERROR] LogOutputStream:75 - [STDERR_REDIRECT] 
2025-07-29 18:43:16,768 [ERROR] LogOutputStream:75 - [STDERR_REDIRECT] Jul 29, 2025 6:43:16 PM java.util.prefs.FileSystemPreferences checkLockFile0ErrorCode
2025-07-29 18:43:16,768 [ERROR] LogOutputStream:75 - [STDERR_REDIRECT] WARNING: Could not lock System prefs. Unix error code 2.
2025-07-29 18:43:16,769 [ERROR] LogOutputStream:75 - [STDERR_REDIRECT] 
2025-07-29 18:43:16,769 [ERROR] LogOutputStream:75 - [STDERR_REDIRECT] Jul 29, 2025 6:43:16 PM java.util.prefs.FileSystemPreferences syncWorld
2025-07-29 18:43:16,770 [ERROR] LogOutputStream:75 - [STDERR_REDIRECT] WARNING: Couldn't flush system prefs: java.util.prefs.BackingStoreException: Couldn't get file lock.
2025-07-29 18:43:16,770 [ERROR] LogOutputStream:75 - [STDERR_REDIRECT] 
2025-07-29 18:43:46,769 [ERROR] LogOutputStream:75 - [STDERR_REDIRECT] Jul 29, 2025 6:43:46 PM java.util.prefs.FileSystemPreferences checkLockFile0ErrorCode
2025-07-29 18:43:46,770 [ERROR] LogOutputStream:75 - [STDERR_REDIRECT] WARNING: Could not lock System prefs. Unix error code 2.
2025-07-29 18:43:46,772 [ERROR] LogOutputStream:75 - [STDERR_REDIRECT] 
2025-07-29 18:43:46,773 [ERROR] LogOutputStream:75 - [STDERR_REDIRECT] Jul 29, 2025 6:43:46 PM java.util.prefs.FileSystemPreferences syncWorld
2025-07-29 18:43:46,773 [ERROR] LogOutputStream:75 - [STDERR_REDIRECT] WARNING: Couldn't flush system prefs: java.util.prefs.BackingStoreException: Couldn't get file lock.
2025-07-29 18:43:46,773 [ERROR] LogOutputStream:75 - [STDERR_REDIRECT] 
2025-07-29 18:44:16,770 [ERROR] LogOutputStream:75 - [STDERR_REDIRECT] Jul 29, 2025 6:44:16 PM java.util.prefs.FileSystemPreferences checkLockFile0ErrorCode
2025-07-29 18:44:16,771 [ERROR] LogOutputStream:75 - [STDERR_REDIRECT] WARNING: Could not lock System prefs. Unix error code 2.
2025-07-29 18:44:16,771 [ERROR] LogOutputStream:75 - [STDERR_REDIRECT] 
2025-07-29 18:44:16,772 [ERROR] LogOutputStream:75 - [STDERR_REDIRECT] Jul 29, 2025 6:44:16 PM java.util.prefs.FileSystemPreferences syncWorld
2025-07-29 18:44:16,772 [ERROR] LogOutputStream:75 - [STDERR_REDIRECT] WARNING: Couldn't flush system prefs: java.util.prefs.BackingStoreException: Couldn't get file lock.
2025-07-29 18:44:16,773 [ERROR] LogOutputStream:75 - [STDERR_REDIRECT] 
2025-07-29 18:44:46,770 [ERROR] LogOutputStream:75 - [STDERR_REDIRECT] Jul 29, 2025 6:44:46 PM java.util.prefs.FileSystemPreferences checkLockFile0ErrorCode
2025-07-29 18:44:46,770 [ERROR] LogOutputStream:75 - [STDERR_REDIRECT] WARNING: Could not lock System prefs. Unix error code 2.
2025-07-29 18:44:46,771 [ERROR] LogOutputStream:75 - [STDERR_REDIRECT] 
2025-07-29 18:44:46,772 [ERROR] LogOutputStream:75 - [STDERR_REDIRECT] Jul 29, 2025 6:44:46 PM java.util.prefs.FileSystemPreferences syncWorld
2025-07-29 18:44:46,772 [ERROR] LogOutputStream:75 - [STDERR_REDIRECT] WARNING: Couldn't flush system prefs: java.util.prefs.BackingStoreException: Couldn't get file lock.
2025-07-29 18:44:46,772 [ERROR] LogOutputStream:75 - [STDERR_REDIRECT] 
2025-07-29 18:45:16,769 [ERROR] LogOutputStream:75 - [STDERR_REDIRECT] Jul 29, 2025 6:45:16 PM java.util.prefs.FileSystemPreferences checkLockFile0ErrorCode
2025-07-29 18:45:16,770 [ERROR] LogOutputStream:75 - [STDERR_REDIRECT] WARNING: Could not lock System prefs. Unix error code 2.
2025-07-29 18:45:16,772 [ERROR] LogOutputStream:75 - [STDERR_REDIRECT] 
2025-07-29 18:45:16,773 [ERROR] LogOutputStream:75 - [STDERR_REDIRECT] Jul 29, 2025 6:45:16 PM java.util.prefs.FileSystemPreferences syncWorld
2025-07-29 18:45:16,773 [ERROR] LogOutputStream:75 - [STDERR_REDIRECT] WARNING: Couldn't flush system prefs: java.util.prefs.BackingStoreException: Couldn't get file lock.
2025-07-29 18:45:16,774 [ERROR] LogOutputStream:75 - [STDERR_REDIRECT] 
2025-07-29 18:45:46,769 [ERROR] LogOutputStream:75 - [STDERR_REDIRECT] Jul 29, 2025 6:45:46 PM java.util.prefs.FileSystemPreferences checkLockFile0ErrorCode
2025-07-29 18:45:46,770 [ERROR] LogOutputStream:75 - [STDERR_REDIRECT] WARNING: Could not lock System prefs. Unix error code 2.
2025-07-29 18:45:46,770 [ERROR] LogOutputStream:75 - [STDERR_REDIRECT] 
2025-07-29 18:45:46,771 [ERROR] LogOutputStream:75 - [STDERR_REDIRECT] Jul 29, 2025 6:45:46 PM java.util.prefs.FileSystemPreferences syncWorld
2025-07-29 18:45:46,772 [ERROR] LogOutputStream:75 - [STDERR_REDIRECT] WARNING: Couldn't flush system prefs: java.util.prefs.BackingStoreException: Couldn't get file lock.
2025-07-29 18:45:46,772 [ERROR] LogOutputStream:75 - [STDERR_REDIRECT] 
2025-07-29 18:46:16,771 [ERROR] LogOutputStream:75 - [STDERR_REDIRECT] Jul 29, 2025 6:46:16 PM java.util.prefs.FileSystemPreferences checkLockFile0ErrorCode
2025-07-29 18:46:16,772 [ERROR] LogOutputStream:75 - [STDERR_REDIRECT] WARNING: Could not lock System prefs. Unix error code 2.
2025-07-29 18:46:16,773 [ERROR] LogOutputStream:75 - [STDERR_REDIRECT] 
2025-07-29 18:46:16,774 [ERROR] LogOutputStream:75 - [STDERR_REDIRECT] Jul 29, 2025 6:46:16 PM java.util.prefs.FileSystemPreferences syncWorld
2025-07-29 18:46:16,775 [ERROR] LogOutputStream:75 - [STDERR_REDIRECT] WARNING: Couldn't flush system prefs: java.util.prefs.BackingStoreException: Couldn't get file lock.
2025-07-29 18:46:16,776 [ERROR] LogOutputStream:75 - [STDERR_REDIRECT] 
2025-07-29 18:46:46,770 [ERROR] LogOutputStream:75 - [STDERR_REDIRECT] Jul 29, 2025 6:46:46 PM java.util.prefs.FileSystemPreferences checkLockFile0ErrorCode
2025-07-29 18:46:46,771 [ERROR] LogOutputStream:75 - [STDERR_REDIRECT] WARNING: Could not lock System prefs. Unix error code 2.
2025-07-29 18:46:46,772 [ERROR] LogOutputStream:75 - [STDERR_REDIRECT] 
2025-07-29 18:46:46,773 [ERROR] LogOutputStream:75 - [STDERR_REDIRECT] Jul 29, 2025 6:46:46 PM java.util.prefs.FileSystemPreferences syncWorld
2025-07-29 18:46:46,774 [ERROR] LogOutputStream:75 - [STDERR_REDIRECT] WARNING: Couldn't flush system prefs: java.util.prefs.BackingStoreException: Couldn't get file lock.
2025-07-29 18:46:46,775 [ERROR] LogOutputStream:75 - [STDERR_REDIRECT] 
2025-07-29 18:47:16,770 [ERROR] LogOutputStream:75 - [STDERR_REDIRECT] Jul 29, 2025 6:47:16 PM java.util.prefs.FileSystemPreferences checkLockFile0ErrorCode
2025-07-29 18:47:16,771 [ERROR] LogOutputStream:75 - [STDERR_REDIRECT] WARNING: Could not lock System prefs. Unix error code 2.
2025-07-29 18:47:16,771 [ERROR] LogOutputStream:75 - [STDERR_REDIRECT] 
2025-07-29 18:47:16,772 [ERROR] LogOutputStream:75 - [STDERR_REDIRECT] Jul 29, 2025 6:47:16 PM java.util.prefs.FileSystemPreferences syncWorld
2025-07-29 18:47:16,773 [ERROR] LogOutputStream:75 - [STDERR_REDIRECT] WARNING: Couldn't flush system prefs: java.util.prefs.BackingStoreException: Couldn't get file lock.
2025-07-29 18:47:16,773 [ERROR] LogOutputStream:75 - [STDERR_REDIRECT] 
2025-07-29 18:47:46,772 [ERROR] LogOutputStream:75 - [STDERR_REDIRECT] Jul 29, 2025 6:47:46 PM java.util.prefs.FileSystemPreferences checkLockFile0ErrorCode
2025-07-29 18:47:46,772 [ERROR] LogOutputStream:75 - [STDERR_REDIRECT] WARNING: Could not lock System prefs. Unix error code 2.
2025-07-29 18:47:46,773 [ERROR] LogOutputStream:75 - [STDERR_REDIRECT] 
2025-07-29 18:47:46,773 [ERROR] LogOutputStream:75 - [STDERR_REDIRECT] Jul 29, 2025 6:47:46 PM java.util.prefs.FileSystemPreferences syncWorld
2025-07-29 18:47:46,773 [ERROR] LogOutputStream:75 - [STDERR_REDIRECT] WARNING: Couldn't flush system prefs: java.util.prefs.BackingStoreException: Couldn't get file lock.
2025-07-29 18:47:46,774 [ERROR] LogOutputStream:75 - [STDERR_REDIRECT] 
2025-07-29 18:48:16,771 [ERROR] LogOutputStream:75 - [STDERR_REDIRECT] Jul 29, 2025 6:48:16 PM java.util.prefs.FileSystemPreferences checkLockFile0ErrorCode
2025-07-29 18:48:16,771 [ERROR] LogOutputStream:75 - [STDERR_REDIRECT] WARNING: Could not lock System prefs. Unix error code 2.
2025-07-29 18:48:16,772 [ERROR] LogOutputStream:75 - [STDERR_REDIRECT] 
2025-07-29 18:48:16,773 [ERROR] LogOutputStream:75 - [STDERR_REDIRECT] Jul 29, 2025 6:48:16 PM java.util.prefs.FileSystemPreferences syncWorld
2025-07-29 18:48:16,774 [ERROR] LogOutputStream:75 - [STDERR_REDIRECT] WARNING: Couldn't flush system prefs: java.util.prefs.BackingStoreException: Couldn't get file lock.
2025-07-29 18:48:16,775 [ERROR] LogOutputStream:75 - [STDERR_REDIRECT] 
2025-07-29 18:48:46,771 [ERROR] LogOutputStream:75 - [STDERR_REDIRECT] Jul 29, 2025 6:48:46 PM java.util.prefs.FileSystemPreferences checkLockFile0ErrorCode
2025-07-29 18:48:46,771 [ERROR] LogOutputStream:75 - [STDERR_REDIRECT] WARNING: Could not lock System prefs. Unix error code 2.
2025-07-29 18:48:46,772 [ERROR] LogOutputStream:75 - [STDERR_REDIRECT] 
2025-07-29 18:48:46,772 [ERROR] LogOutputStream:75 - [STDERR_REDIRECT] Jul 29, 2025 6:48:46 PM java.util.prefs.FileSystemPreferences syncWorld
2025-07-29 18:48:46,773 [ERROR] LogOutputStream:75 - [STDERR_REDIRECT] WARNING: Couldn't flush system prefs: java.util.prefs.BackingStoreException: Couldn't get file lock.
2025-07-29 18:48:46,773 [ERROR] LogOutputStream:75 - [STDERR_REDIRECT] 
2025-07-29 18:49:16,772 [ERROR] LogOutputStream:75 - [STDERR_REDIRECT] Jul 29, 2025 6:49:16 PM java.util.prefs.FileSystemPreferences checkLockFile0ErrorCode
2025-07-29 18:49:16,773 [ERROR] LogOutputStream:75 - [STDERR_REDIRECT] WARNING: Could not lock System prefs. Unix error code 2.
2025-07-29 18:49:16,773 [ERROR] LogOutputStream:75 - [STDERR_REDIRECT] 
2025-07-29 18:49:16,775 [ERROR] LogOutputStream:75 - [STDERR_REDIRECT] Jul 29, 2025 6:49:16 PM java.util.prefs.FileSystemPreferences syncWorld
2025-07-29 18:49:16,775 [ERROR] LogOutputStream:75 - [STDERR_REDIRECT] WARNING: Couldn't flush system prefs: java.util.prefs.BackingStoreException: Couldn't get file lock.
2025-07-29 18:49:16,776 [ERROR] LogOutputStream:75 - [STDERR_REDIRECT] 
2025-07-29 18:49:46,771 [ERROR] LogOutputStream:75 - [STDERR_REDIRECT] Jul 29, 2025 6:49:46 PM java.util.prefs.FileSystemPreferences checkLockFile0ErrorCode
2025-07-29 18:49:46,772 [ERROR] LogOutputStream:75 - [STDERR_REDIRECT] WARNING: Could not lock System prefs. Unix error code 2.
2025-07-29 18:49:46,772 [ERROR] LogOutputStream:75 - [STDERR_REDIRECT] 
2025-07-29 18:49:46,773 [ERROR] LogOutputStream:75 - [STDERR_REDIRECT] Jul 29, 2025 6:49:46 PM java.util.prefs.FileSystemPreferences syncWorld
2025-07-29 18:49:46,773 [ERROR] LogOutputStream:75 - [STDERR_REDIRECT] WARNING: Couldn't flush system prefs: java.util.prefs.BackingStoreException: Couldn't get file lock.
2025-07-29 18:49:46,774 [ERROR] LogOutputStream:75 - [STDERR_REDIRECT] 
2025-07-29 18:50:16,770 [ERROR] LogOutputStream:75 - [STDERR_REDIRECT] Jul 29, 2025 6:50:16 PM java.util.prefs.FileSystemPreferences checkLockFile0ErrorCode
2025-07-29 18:50:16,771 [ERROR] LogOutputStream:75 - [STDERR_REDIRECT] WARNING: Could not lock System prefs. Unix error code 2.
2025-07-29 18:50:16,772 [ERROR] LogOutputStream:75 - [STDERR_REDIRECT] 
2025-07-29 18:50:16,773 [ERROR] LogOutputStream:75 - [STDERR_REDIRECT] Jul 29, 2025 6:50:16 PM java.util.prefs.FileSystemPreferences syncWorld
2025-07-29 18:50:16,774 [ERROR] LogOutputStream:75 - [STDERR_REDIRECT] WARNING: Couldn't flush system prefs: java.util.prefs.BackingStoreException: Couldn't get file lock.
2025-07-29 18:50:16,775 [ERROR] LogOutputStream:75 - [STDERR_REDIRECT] 
2025-07-29 18:50:46,772 [ERROR] LogOutputStream:75 - [STDERR_REDIRECT] Jul 29, 2025 6:50:46 PM java.util.prefs.FileSystemPreferences checkLockFile0ErrorCode
2025-07-29 18:50:46,774 [ERROR] LogOutputStream:75 - [STDERR_REDIRECT] WARNING: Could not lock System prefs. Unix error code 2.
2025-07-29 18:50:46,775 [ERROR] LogOutputStream:75 - [STDERR_REDIRECT] 
2025-07-29 18:50:46,776 [ERROR] LogOutputStream:75 - [STDERR_REDIRECT] Jul 29, 2025 6:50:46 PM java.util.prefs.FileSystemPreferences syncWorld
2025-07-29 18:50:46,776 [ERROR] LogOutputStream:75 - [STDERR_REDIRECT] WARNING: Couldn't flush system prefs: java.util.prefs.BackingStoreException: Couldn't get file lock.
2025-07-29 18:50:46,776 [ERROR] LogOutputStream:75 - [STDERR_REDIRECT] 
2025-07-29 18:51:16,771 [ERROR] LogOutputStream:75 - [STDERR_REDIRECT] Jul 29, 2025 6:51:16 PM java.util.prefs.FileSystemPreferences checkLockFile0ErrorCode
2025-07-29 18:51:16,771 [ERROR] LogOutputStream:75 - [STDERR_REDIRECT] WARNING: Could not lock System prefs. Unix error code 2.
2025-07-29 18:51:16,772 [ERROR] LogOutputStream:75 - [STDERR_REDIRECT] 
2025-07-29 18:51:16,773 [ERROR] LogOutputStream:75 - [STDERR_REDIRECT] Jul 29, 2025 6:51:16 PM java.util.prefs.FileSystemPreferences syncWorld
2025-07-29 18:51:16,773 [ERROR] LogOutputStream:75 - [STDERR_REDIRECT] WARNING: Couldn't flush system prefs: java.util.prefs.BackingStoreException: Couldn't get file lock.
2025-07-29 18:51:16,774 [ERROR] LogOutputStream:75 - [STDERR_REDIRECT] 
2025-07-29 18:51:46,771 [ERROR] LogOutputStream:75 - [STDERR_REDIRECT] Jul 29, 2025 6:51:46 PM java.util.prefs.FileSystemPreferences checkLockFile0ErrorCode
2025-07-29 18:51:46,772 [ERROR] LogOutputStream:75 - [STDERR_REDIRECT] WARNING: Could not lock System prefs. Unix error code 2.
2025-07-29 18:51:46,773 [ERROR] LogOutputStream:75 - [STDERR_REDIRECT] 
2025-07-29 18:51:46,774 [ERROR] LogOutputStream:75 - [STDERR_REDIRECT] Jul 29, 2025 6:51:46 PM java.util.prefs.FileSystemPreferences syncWorld
2025-07-29 18:51:46,775 [ERROR] LogOutputStream:75 - [STDERR_REDIRECT] WARNING: Couldn't flush system prefs: java.util.prefs.BackingStoreException: Couldn't get file lock.
2025-07-29 18:51:46,776 [ERROR] LogOutputStream:75 - [STDERR_REDIRECT] 
2025-07-29 18:52:16,772 [ERROR] LogOutputStream:75 - [STDERR_REDIRECT] Jul 29, 2025 6:52:16 PM java.util.prefs.FileSystemPreferences checkLockFile0ErrorCode
2025-07-29 18:52:16,772 [ERROR] LogOutputStream:75 - [STDERR_REDIRECT] WARNING: Could not lock System prefs. Unix error code 2.
2025-07-29 18:52:16,778 [ERROR] LogOutputStream:75 - [STDERR_REDIRECT] 
2025-07-29 18:52:16,779 [ERROR] LogOutputStream:75 - [STDERR_REDIRECT] Jul 29, 2025 6:52:16 PM java.util.prefs.FileSystemPreferences syncWorld
2025-07-29 18:52:16,780 [ERROR] LogOutputStream:75 - [STDERR_REDIRECT] WARNING: Couldn't flush system prefs: java.util.prefs.BackingStoreException: Couldn't get file lock.
2025-07-29 18:52:16,780 [ERROR] LogOutputStream:75 - [STDERR_REDIRECT] 
2025-07-29 18:52:46,771 [ERROR] LogOutputStream:75 - [STDERR_REDIRECT] Jul 29, 2025 6:52:46 PM java.util.prefs.FileSystemPreferences checkLockFile0ErrorCode
2025-07-29 18:52:46,771 [ERROR] LogOutputStream:75 - [STDERR_REDIRECT] WARNING: Could not lock System prefs. Unix error code 2.
2025-07-29 18:52:46,771 [ERROR] LogOutputStream:75 - [STDERR_REDIRECT] 
2025-07-29 18:52:46,772 [ERROR] LogOutputStream:75 - [STDERR_REDIRECT] Jul 29, 2025 6:52:46 PM java.util.prefs.FileSystemPreferences syncWorld
2025-07-29 18:52:46,772 [ERROR] LogOutputStream:75 - [STDERR_REDIRECT] WARNING: Couldn't flush system prefs: java.util.prefs.BackingStoreException: Couldn't get file lock.
2025-07-29 18:52:46,772 [ERROR] LogOutputStream:75 - [STDERR_REDIRECT] 
2025-07-29 18:53:16,772 [ERROR] LogOutputStream:75 - [STDERR_REDIRECT] Jul 29, 2025 6:53:16 PM java.util.prefs.FileSystemPreferences checkLockFile0ErrorCode
2025-07-29 18:53:16,772 [ERROR] LogOutputStream:75 - [STDERR_REDIRECT] WARNING: Could not lock System prefs. Unix error code 2.
2025-07-29 18:53:16,773 [ERROR] LogOutputStream:75 - [STDERR_REDIRECT] 
2025-07-29 18:53:16,774 [ERROR] LogOutputStream:75 - [STDERR_REDIRECT] Jul 29, 2025 6:53:16 PM java.util.prefs.FileSystemPreferences syncWorld
2025-07-29 18:53:16,775 [ERROR] LogOutputStream:75 - [STDERR_REDIRECT] WARNING: Couldn't flush system prefs: java.util.prefs.BackingStoreException: Couldn't get file lock.
2025-07-29 18:53:16,775 [ERROR] LogOutputStream:75 - [STDERR_REDIRECT] 
2025-07-29 18:53:46,772 [ERROR] LogOutputStream:75 - [STDERR_REDIRECT] Jul 29, 2025 6:53:46 PM java.util.prefs.FileSystemPreferences checkLockFile0ErrorCode
2025-07-29 18:53:46,773 [ERROR] LogOutputStream:75 - [STDERR_REDIRECT] WARNING: Could not lock System prefs. Unix error code 2.
2025-07-29 18:53:46,774 [ERROR] LogOutputStream:75 - [STDERR_REDIRECT] 
2025-07-29 18:53:46,775 [ERROR] LogOutputStream:75 - [STDERR_REDIRECT] Jul 29, 2025 6:53:46 PM java.util.prefs.FileSystemPreferences syncWorld
2025-07-29 18:53:46,775 [ERROR] LogOutputStream:75 - [STDERR_REDIRECT] WARNING: Couldn't flush system prefs: java.util.prefs.BackingStoreException: Couldn't get file lock.
2025-07-29 18:53:46,776 [ERROR] LogOutputStream:75 - [STDERR_REDIRECT] 
2025-07-29 18:54:16,772 [ERROR] LogOutputStream:75 - [STDERR_REDIRECT] Jul 29, 2025 6:54:16 PM java.util.prefs.FileSystemPreferences checkLockFile0ErrorCode
2025-07-29 18:54:16,773 [ERROR] LogOutputStream:75 - [STDERR_REDIRECT] WARNING: Could not lock System prefs. Unix error code 2.
2025-07-29 18:54:16,774 [ERROR] LogOutputStream:75 - [STDERR_REDIRECT] 
2025-07-29 18:54:16,774 [ERROR] LogOutputStream:75 - [STDERR_REDIRECT] Jul 29, 2025 6:54:16 PM java.util.prefs.FileSystemPreferences syncWorld
2025-07-29 18:54:16,775 [ERROR] LogOutputStream:75 - [STDERR_REDIRECT] WARNING: Couldn't flush system prefs: java.util.prefs.BackingStoreException: Couldn't get file lock.
2025-07-29 18:54:16,775 [ERROR] LogOutputStream:75 - [STDERR_REDIRECT] 
2025-07-29 18:54:46,773 [ERROR] LogOutputStream:75 - [STDERR_REDIRECT] Jul 29, 2025 6:54:46 PM java.util.prefs.FileSystemPreferences checkLockFile0ErrorCode
2025-07-29 18:54:46,775 [ERROR] LogOutputStream:75 - [STDERR_REDIRECT] WARNING: Could not lock System prefs. Unix error code 2.
2025-07-29 18:54:46,775 [ERROR] LogOutputStream:75 - [STDERR_REDIRECT] 
2025-07-29 18:54:46,777 [ERROR] LogOutputStream:75 - [STDERR_REDIRECT] Jul 29, 2025 6:54:46 PM java.util.prefs.FileSystemPreferences syncWorld
2025-07-29 18:54:46,777 [ERROR] LogOutputStream:75 - [STDERR_REDIRECT] WARNING: Couldn't flush system prefs: java.util.prefs.BackingStoreException: Couldn't get file lock.
2025-07-29 18:54:46,778 [ERROR] LogOutputStream:75 - [STDERR_REDIRECT] 
2025-07-29 18:55:16,774 [ERROR] LogOutputStream:75 - [STDERR_REDIRECT] Jul 29, 2025 6:55:16 PM java.util.prefs.FileSystemPreferences checkLockFile0ErrorCode
2025-07-29 18:55:16,774 [ERROR] LogOutputStream:75 - [STDERR_REDIRECT] WARNING: Could not lock System prefs. Unix error code 2.
2025-07-29 18:55:16,774 [ERROR] LogOutputStream:75 - [STDERR_REDIRECT] 
2025-07-29 18:55:16,775 [ERROR] LogOutputStream:75 - [STDERR_REDIRECT] Jul 29, 2025 6:55:16 PM java.util.prefs.FileSystemPreferences syncWorld
2025-07-29 18:55:16,776 [ERROR] LogOutputStream:75 - [STDERR_REDIRECT] WARNING: Couldn't flush system prefs: java.util.prefs.BackingStoreException: Couldn't get file lock.
2025-07-29 18:55:16,776 [ERROR] LogOutputStream:75 - [STDERR_REDIRECT] 
2025-07-29 18:55:46,773 [ERROR] LogOutputStream:75 - [STDERR_REDIRECT] Jul 29, 2025 6:55:46 PM java.util.prefs.FileSystemPreferences checkLockFile0ErrorCode
2025-07-29 18:55:46,773 [ERROR] LogOutputStream:75 - [STDERR_REDIRECT] WARNING: Could not lock System prefs. Unix error code 2.
2025-07-29 18:55:46,773 [ERROR] LogOutputStream:75 - [STDERR_REDIRECT] 
2025-07-29 18:55:46,774 [ERROR] LogOutputStream:75 - [STDERR_REDIRECT] Jul 29, 2025 6:55:46 PM java.util.prefs.FileSystemPreferences syncWorld
2025-07-29 18:55:46,774 [ERROR] LogOutputStream:75 - [STDERR_REDIRECT] WARNING: Couldn't flush system prefs: java.util.prefs.BackingStoreException: Couldn't get file lock.
2025-07-29 18:55:46,774 [ERROR] LogOutputStream:75 - [STDERR_REDIRECT] 
2025-07-29 18:56:16,787 [ERROR] LogOutputStream:75 - [STDERR_REDIRECT] Jul 29, 2025 6:56:16 PM java.util.prefs.FileSystemPreferences checkLockFile0ErrorCode
2025-07-29 18:56:16,789 [ERROR] LogOutputStream:75 - [STDERR_REDIRECT] WARNING: Could not lock System prefs. Unix error code 2.
2025-07-29 18:56:16,790 [ERROR] LogOutputStream:75 - [STDERR_REDIRECT] 
2025-07-29 18:56:16,791 [ERROR] LogOutputStream:75 - [STDERR_REDIRECT] Jul 29, 2025 6:56:16 PM java.util.prefs.FileSystemPreferences syncWorld
2025-07-29 18:56:16,792 [ERROR] LogOutputStream:75 - [STDERR_REDIRECT] WARNING: Couldn't flush system prefs: java.util.prefs.BackingStoreException: Couldn't get file lock.
2025-07-29 18:56:16,793 [ERROR] LogOutputStream:75 - [STDERR_REDIRECT] 
2025-07-29 18:56:46,774 [ERROR] LogOutputStream:75 - [STDERR_REDIRECT] Jul 29, 2025 6:56:46 PM java.util.prefs.FileSystemPreferences checkLockFile0ErrorCode
2025-07-29 18:56:46,775 [ERROR] LogOutputStream:75 - [STDERR_REDIRECT] WARNING: Could not lock System prefs. Unix error code 2.
2025-07-29 18:56:46,775 [ERROR] LogOutputStream:75 - [STDERR_REDIRECT] 
2025-07-29 18:56:46,776 [ERROR] LogOutputStream:75 - [STDERR_REDIRECT] Jul 29, 2025 6:56:46 PM java.util.prefs.FileSystemPreferences syncWorld
2025-07-29 18:56:46,776 [ERROR] LogOutputStream:75 - [STDERR_REDIRECT] WARNING: Couldn't flush system prefs: java.util.prefs.BackingStoreException: Couldn't get file lock.
2025-07-29 18:56:46,777 [ERROR] LogOutputStream:75 - [STDERR_REDIRECT] 
2025-07-29 18:57:16,773 [ERROR] LogOutputStream:75 - [STDERR_REDIRECT] Jul 29, 2025 6:57:16 PM java.util.prefs.FileSystemPreferences checkLockFile0ErrorCode
2025-07-29 18:57:16,774 [ERROR] LogOutputStream:75 - [STDERR_REDIRECT] WARNING: Could not lock System prefs. Unix error code 2.
2025-07-29 18:57:16,776 [ERROR] LogOutputStream:75 - [STDERR_REDIRECT] 
2025-07-29 18:57:16,777 [ERROR] LogOutputStream:75 - [STDERR_REDIRECT] Jul 29, 2025 6:57:16 PM java.util.prefs.FileSystemPreferences syncWorld
2025-07-29 18:57:16,777 [ERROR] LogOutputStream:75 - [STDERR_REDIRECT] WARNING: Couldn't flush system prefs: java.util.prefs.BackingStoreException: Couldn't get file lock.
2025-07-29 18:57:16,778 [ERROR] LogOutputStream:75 - [STDERR_REDIRECT] 
2025-07-29 18:57:46,773 [ERROR] LogOutputStream:75 - [STDERR_REDIRECT] Jul 29, 2025 6:57:46 PM java.util.prefs.FileSystemPreferences checkLockFile0ErrorCode
2025-07-29 18:57:46,774 [ERROR] LogOutputStream:75 - [STDERR_REDIRECT] WARNING: Could not lock System prefs. Unix error code 2.
2025-07-29 18:57:46,775 [ERROR] LogOutputStream:75 - [STDERR_REDIRECT] 
2025-07-29 18:57:46,777 [ERROR] LogOutputStream:75 - [STDERR_REDIRECT] Jul 29, 2025 6:57:46 PM java.util.prefs.FileSystemPreferences syncWorld
2025-07-29 18:57:46,778 [ERROR] LogOutputStream:75 - [STDERR_REDIRECT] WARNING: Couldn't flush system prefs: java.util.prefs.BackingStoreException: Couldn't get file lock.
2025-07-29 18:57:46,778 [ERROR] LogOutputStream:75 - [STDERR_REDIRECT] 
2025-07-29 18:58:16,775 [ERROR] LogOutputStream:75 - [STDERR_REDIRECT] Jul 29, 2025 6:58:16 PM java.util.prefs.FileSystemPreferences checkLockFile0ErrorCode
2025-07-29 18:58:16,776 [ERROR] LogOutputStream:75 - [STDERR_REDIRECT] WARNING: Could not lock System prefs. Unix error code 2.
2025-07-29 18:58:16,776 [ERROR] LogOutputStream:75 - [STDERR_REDIRECT] 
2025-07-29 18:58:16,777 [ERROR] LogOutputStream:75 - [STDERR_REDIRECT] Jul 29, 2025 6:58:16 PM java.util.prefs.FileSystemPreferences syncWorld
2025-07-29 18:58:16,778 [ERROR] LogOutputStream:75 - [STDERR_REDIRECT] WARNING: Couldn't flush system prefs: java.util.prefs.BackingStoreException: Couldn't get file lock.
2025-07-29 18:58:16,778 [ERROR] LogOutputStream:75 - [STDERR_REDIRECT] 
2025-07-29 18:58:46,775 [ERROR] LogOutputStream:75 - [STDERR_REDIRECT] Jul 29, 2025 6:58:46 PM java.util.prefs.FileSystemPreferences checkLockFile0ErrorCode
2025-07-29 18:58:46,775 [ERROR] LogOutputStream:75 - [STDERR_REDIRECT] WARNING: Could not lock System prefs. Unix error code 2.
2025-07-29 18:58:46,776 [ERROR] LogOutputStream:75 - [STDERR_REDIRECT] 
2025-07-29 18:58:46,778 [ERROR] LogOutputStream:75 - [STDERR_REDIRECT] Jul 29, 2025 6:58:46 PM java.util.prefs.FileSystemPreferences syncWorld
2025-07-29 18:58:46,779 [ERROR] LogOutputStream:75 - [STDERR_REDIRECT] WARNING: Couldn't flush system prefs: java.util.prefs.BackingStoreException: Couldn't get file lock.
2025-07-29 18:58:46,779 [ERROR] LogOutputStream:75 - [STDERR_REDIRECT] 
2025-07-29 18:59:16,775 [ERROR] LogOutputStream:75 - [STDERR_REDIRECT] Jul 29, 2025 6:59:16 PM java.util.prefs.FileSystemPreferences checkLockFile0ErrorCode
2025-07-29 18:59:16,775 [ERROR] LogOutputStream:75 - [STDERR_REDIRECT] WARNING: Could not lock System prefs. Unix error code 2.
2025-07-29 18:59:16,776 [ERROR] LogOutputStream:75 - [STDERR_REDIRECT] 
2025-07-29 18:59:16,777 [ERROR] LogOutputStream:75 - [STDERR_REDIRECT] Jul 29, 2025 6:59:16 PM java.util.prefs.FileSystemPreferences syncWorld
2025-07-29 18:59:16,777 [ERROR] LogOutputStream:75 - [STDERR_REDIRECT] WARNING: Couldn't flush system prefs: java.util.prefs.BackingStoreException: Couldn't get file lock.
2025-07-29 18:59:16,777 [ERROR] LogOutputStream:75 - [STDERR_REDIRECT] 
2025-07-29 18:59:46,774 [ERROR] LogOutputStream:75 - [STDERR_REDIRECT] Jul 29, 2025 6:59:46 PM java.util.prefs.FileSystemPreferences checkLockFile0ErrorCode
2025-07-29 18:59:46,775 [ERROR] LogOutputStream:75 - [STDERR_REDIRECT] WARNING: Could not lock System prefs. Unix error code 2.
2025-07-29 18:59:46,775 [ERROR] LogOutputStream:75 - [STDERR_REDIRECT] 
2025-07-29 18:59:46,776 [ERROR] LogOutputStream:75 - [STDERR_REDIRECT] Jul 29, 2025 6:59:46 PM java.util.prefs.FileSystemPreferences syncWorld
2025-07-29 18:59:46,776 [ERROR] LogOutputStream:75 - [STDERR_REDIRECT] WARNING: Couldn't flush system prefs: java.util.prefs.BackingStoreException: Couldn't get file lock.
2025-07-29 18:59:46,776 [ERROR] LogOutputStream:75 - [STDERR_REDIRECT] 
2025-07-29 19:00:16,775 [ERROR] LogOutputStream:75 - [STDERR_REDIRECT] Jul 29, 2025 7:00:16 PM java.util.prefs.FileSystemPreferences checkLockFile0ErrorCode
2025-07-29 19:00:16,776 [ERROR] LogOutputStream:75 - [STDERR_REDIRECT] WARNING: Could not lock System prefs. Unix error code 2.
2025-07-29 19:00:16,776 [ERROR] LogOutputStream:75 - [STDERR_REDIRECT] 
2025-07-29 19:00:16,778 [ERROR] LogOutputStream:75 - [STDERR_REDIRECT] Jul 29, 2025 7:00:16 PM java.util.prefs.FileSystemPreferences syncWorld
2025-07-29 19:00:16,778 [ERROR] LogOutputStream:75 - [STDERR_REDIRECT] WARNING: Couldn't flush system prefs: java.util.prefs.BackingStoreException: Couldn't get file lock.
2025-07-29 19:00:16,778 [ERROR] LogOutputStream:75 - [STDERR_REDIRECT] 
2025-07-29 19:00:46,776 [ERROR] LogOutputStream:75 - [STDERR_REDIRECT] Jul 29, 2025 7:00:46 PM java.util.prefs.FileSystemPreferences checkLockFile0ErrorCode
2025-07-29 19:00:46,776 [ERROR] LogOutputStream:75 - [STDERR_REDIRECT] WARNING: Could not lock System prefs. Unix error code 2.
2025-07-29 19:00:46,777 [ERROR] LogOutputStream:75 - [STDERR_REDIRECT] 
2025-07-29 19:00:46,778 [ERROR] LogOutputStream:75 - [STDERR_REDIRECT] Jul 29, 2025 7:00:46 PM java.util.prefs.FileSystemPreferences syncWorld
2025-07-29 19:00:46,778 [ERROR] LogOutputStream:75 - [STDERR_REDIRECT] WARNING: Couldn't flush system prefs: java.util.prefs.BackingStoreException: Couldn't get file lock.
2025-07-29 19:00:46,778 [ERROR] LogOutputStream:75 - [STDERR_REDIRECT] 
2025-07-29 19:01:16,776 [ERROR] LogOutputStream:75 - [STDERR_REDIRECT] Jul 29, 2025 7:01:16 PM java.util.prefs.FileSystemPreferences checkLockFile0ErrorCode
2025-07-29 19:01:16,777 [ERROR] LogOutputStream:75 - [STDERR_REDIRECT] WARNING: Could not lock System prefs. Unix error code 2.
2025-07-29 19:01:16,777 [ERROR] LogOutputStream:75 - [STDERR_REDIRECT] 
2025-07-29 19:01:16,778 [ERROR] LogOutputStream:75 - [STDERR_REDIRECT] Jul 29, 2025 7:01:16 PM java.util.prefs.FileSystemPreferences syncWorld
2025-07-29 19:01:16,778 [ERROR] LogOutputStream:75 - [STDERR_REDIRECT] WARNING: Couldn't flush system prefs: java.util.prefs.BackingStoreException: Couldn't get file lock.
2025-07-29 19:01:16,779 [ERROR] LogOutputStream:75 - [STDERR_REDIRECT] 
2025-07-29 19:01:46,776 [ERROR] LogOutputStream:75 - [STDERR_REDIRECT] Jul 29, 2025 7:01:46 PM java.util.prefs.FileSystemPreferences checkLockFile0ErrorCode
2025-07-29 19:01:46,777 [ERROR] LogOutputStream:75 - [STDERR_REDIRECT] WARNING: Could not lock System prefs. Unix error code 2.
2025-07-29 19:01:46,778 [ERROR] LogOutputStream:75 - [STDERR_REDIRECT] 
2025-07-29 19:01:46,779 [ERROR] LogOutputStream:75 - [STDERR_REDIRECT] Jul 29, 2025 7:01:46 PM java.util.prefs.FileSystemPreferences syncWorld
2025-07-29 19:01:46,780 [ERROR] LogOutputStream:75 - [STDERR_REDIRECT] WARNING: Couldn't flush system prefs: java.util.prefs.BackingStoreException: Couldn't get file lock.
2025-07-29 19:01:46,780 [ERROR] LogOutputStream:75 - [STDERR_REDIRECT] 
2025-07-29 19:02:16,782 [ERROR] LogOutputStream:75 - [STDERR_REDIRECT] Jul 29, 2025 7:02:16 PM java.util.prefs.FileSystemPreferences checkLockFile0ErrorCode
2025-07-29 19:02:16,784 [ERROR] LogOutputStream:75 - [STDERR_REDIRECT] WARNING: Could not lock System prefs. Unix error code 2.
2025-07-29 19:02:16,784 [ERROR] LogOutputStream:75 - [STDERR_REDIRECT] 
2025-07-29 19:02:16,786 [ERROR] LogOutputStream:75 - [STDERR_REDIRECT] Jul 29, 2025 7:02:16 PM java.util.prefs.FileSystemPreferences syncWorld
2025-07-29 19:02:16,790 [ERROR] LogOutputStream:75 - [STDERR_REDIRECT] WARNING: Couldn't flush system prefs: java.util.prefs.BackingStoreException: Couldn't get file lock.
2025-07-29 19:02:16,790 [ERROR] LogOutputStream:75 - [STDERR_REDIRECT] 
2025-07-29 19:02:46,790 [ERROR] LogOutputStream:75 - [STDERR_REDIRECT] Jul 29, 2025 7:02:46 PM java.util.prefs.FileSystemPreferences checkLockFile0ErrorCode
2025-07-29 19:02:46,792 [ERROR] LogOutputStream:75 - [STDERR_REDIRECT] WARNING: Could not lock System prefs. Unix error code 2.
2025-07-29 19:02:46,792 [ERROR] LogOutputStream:75 - [STDERR_REDIRECT] 
2025-07-29 19:02:46,796 [ERROR] LogOutputStream:75 - [STDERR_REDIRECT] Jul 29, 2025 7:02:46 PM java.util.prefs.FileSystemPreferences syncWorld
2025-07-29 19:02:46,797 [ERROR] LogOutputStream:75 - [STDERR_REDIRECT] WARNING: Couldn't flush system prefs: java.util.prefs.BackingStoreException: Couldn't get file lock.
2025-07-29 19:02:46,797 [ERROR] LogOutputStream:75 - [STDERR_REDIRECT] 
2025-07-29 19:03:16,778 [ERROR] LogOutputStream:75 - [STDERR_REDIRECT] Jul 29, 2025 7:03:16 PM java.util.prefs.FileSystemPreferences checkLockFile0ErrorCode
2025-07-29 19:03:16,780 [ERROR] LogOutputStream:75 - [STDERR_REDIRECT] WARNING: Could not lock System prefs. Unix error code 2.
2025-07-29 19:03:16,780 [ERROR] LogOutputStream:75 - [STDERR_REDIRECT] 
2025-07-29 19:03:16,782 [ERROR] LogOutputStream:75 - [STDERR_REDIRECT] Jul 29, 2025 7:03:16 PM java.util.prefs.FileSystemPreferences syncWorld
2025-07-29 19:03:16,783 [ERROR] LogOutputStream:75 - [STDERR_REDIRECT] WARNING: Couldn't flush system prefs: java.util.prefs.BackingStoreException: Couldn't get file lock.
2025-07-29 19:03:16,783 [ERROR] LogOutputStream:75 - [STDERR_REDIRECT] 
2025-07-29 19:03:46,778 [ERROR] LogOutputStream:75 - [STDERR_REDIRECT] Jul 29, 2025 7:03:46 PM java.util.prefs.FileSystemPreferences checkLockFile0ErrorCode
2025-07-29 19:03:46,779 [ERROR] LogOutputStream:75 - [STDERR_REDIRECT] WARNING: Could not lock System prefs. Unix error code 2.
2025-07-29 19:03:46,779 [ERROR] LogOutputStream:75 - [STDERR_REDIRECT] 
2025-07-29 19:03:46,782 [ERROR] LogOutputStream:75 - [STDERR_REDIRECT] Jul 29, 2025 7:03:46 PM java.util.prefs.FileSystemPreferences syncWorld
2025-07-29 19:03:46,782 [ERROR] LogOutputStream:75 - [STDERR_REDIRECT] WARNING: Couldn't flush system prefs: java.util.prefs.BackingStoreException: Couldn't get file lock.
2025-07-29 19:03:46,783 [ERROR] LogOutputStream:75 - [STDERR_REDIRECT] 
2025-07-29 19:04:16,777 [ERROR] LogOutputStream:75 - [STDERR_REDIRECT] Jul 29, 2025 7:04:16 PM java.util.prefs.FileSystemPreferences checkLockFile0ErrorCode
2025-07-29 19:04:16,778 [ERROR] LogOutputStream:75 - [STDERR_REDIRECT] WARNING: Could not lock System prefs. Unix error code 2.
2025-07-29 19:04:16,778 [ERROR] LogOutputStream:75 - [STDERR_REDIRECT] 
2025-07-29 19:04:16,780 [ERROR] LogOutputStream:75 - [STDERR_REDIRECT] Jul 29, 2025 7:04:16 PM java.util.prefs.FileSystemPreferences syncWorld
2025-07-29 19:04:16,780 [ERROR] LogOutputStream:75 - [STDERR_REDIRECT] WARNING: Couldn't flush system prefs: java.util.prefs.BackingStoreException: Couldn't get file lock.
2025-07-29 19:04:16,781 [ERROR] LogOutputStream:75 - [STDERR_REDIRECT] 
2025-07-29 19:04:46,778 [ERROR] LogOutputStream:75 - [STDERR_REDIRECT] Jul 29, 2025 7:04:46 PM java.util.prefs.FileSystemPreferences checkLockFile0ErrorCode
2025-07-29 19:04:46,778 [ERROR] LogOutputStream:75 - [STDERR_REDIRECT] WARNING: Could not lock System prefs. Unix error code 2.
2025-07-29 19:04:46,779 [ERROR] LogOutputStream:75 - [STDERR_REDIRECT] 
2025-07-29 19:04:46,780 [ERROR] LogOutputStream:75 - [STDERR_REDIRECT] Jul 29, 2025 7:04:46 PM java.util.prefs.FileSystemPreferences syncWorld
2025-07-29 19:04:46,780 [ERROR] LogOutputStream:75 - [STDERR_REDIRECT] WARNING: Couldn't flush system prefs: java.util.prefs.BackingStoreException: Couldn't get file lock.
2025-07-29 19:04:46,780 [ERROR] LogOutputStream:75 - [STDERR_REDIRECT] 
2025-07-29 19:05:16,780 [ERROR] LogOutputStream:75 - [STDERR_REDIRECT] Jul 29, 2025 7:05:16 PM java.util.prefs.FileSystemPreferences checkLockFile0ErrorCode
2025-07-29 19:05:16,781 [ERROR] LogOutputStream:75 - [STDERR_REDIRECT] WARNING: Could not lock System prefs. Unix error code 2.
2025-07-29 19:05:16,781 [ERROR] LogOutputStream:75 - [STDERR_REDIRECT] 
2025-07-29 19:05:16,782 [ERROR] LogOutputStream:75 - [STDERR_REDIRECT] Jul 29, 2025 7:05:16 PM java.util.prefs.FileSystemPreferences syncWorld
2025-07-29 19:05:16,782 [ERROR] LogOutputStream:75 - [STDERR_REDIRECT] WARNING: Couldn't flush system prefs: java.util.prefs.BackingStoreException: Couldn't get file lock.
2025-07-29 19:05:16,782 [ERROR] LogOutputStream:75 - [STDERR_REDIRECT] 
2025-07-29 19:05:46,778 [ERROR] LogOutputStream:75 - [STDERR_REDIRECT] Jul 29, 2025 7:05:46 PM java.util.prefs.FileSystemPreferences checkLockFile0ErrorCode
2025-07-29 19:05:46,779 [ERROR] LogOutputStream:75 - [STDERR_REDIRECT] WARNING: Could not lock System prefs. Unix error code 2.
2025-07-29 19:05:46,779 [ERROR] LogOutputStream:75 - [STDERR_REDIRECT] 
2025-07-29 19:05:46,780 [ERROR] LogOutputStream:75 - [STDERR_REDIRECT] Jul 29, 2025 7:05:46 PM java.util.prefs.FileSystemPreferences syncWorld
2025-07-29 19:05:46,780 [ERROR] LogOutputStream:75 - [STDERR_REDIRECT] WARNING: Couldn't flush system prefs: java.util.prefs.BackingStoreException: Couldn't get file lock.
2025-07-29 19:05:46,780 [ERROR] LogOutputStream:75 - [STDERR_REDIRECT] 
2025-07-29 19:06:16,778 [ERROR] LogOutputStream:75 - [STDERR_REDIRECT] Jul 29, 2025 7:06:16 PM java.util.prefs.FileSystemPreferences checkLockFile0ErrorCode
2025-07-29 19:06:16,779 [ERROR] LogOutputStream:75 - [STDERR_REDIRECT] WARNING: Could not lock System prefs. Unix error code 2.
2025-07-29 19:06:16,779 [ERROR] LogOutputStream:75 - [STDERR_REDIRECT] 
2025-07-29 19:06:16,780 [ERROR] LogOutputStream:75 - [STDERR_REDIRECT] Jul 29, 2025 7:06:16 PM java.util.prefs.FileSystemPreferences syncWorld
2025-07-29 19:06:16,781 [ERROR] LogOutputStream:75 - [STDERR_REDIRECT] WARNING: Couldn't flush system prefs: java.util.prefs.BackingStoreException: Couldn't get file lock.
2025-07-29 19:06:16,781 [ERROR] LogOutputStream:75 - [STDERR_REDIRECT] 
2025-07-29 19:06:46,779 [ERROR] LogOutputStream:75 - [STDERR_REDIRECT] Jul 29, 2025 7:06:46 PM java.util.prefs.FileSystemPreferences checkLockFile0ErrorCode
2025-07-29 19:06:46,779 [ERROR] LogOutputStream:75 - [STDERR_REDIRECT] WARNING: Could not lock System prefs. Unix error code 2.
2025-07-29 19:06:46,780 [ERROR] LogOutputStream:75 - [STDERR_REDIRECT] 
2025-07-29 19:06:46,780 [ERROR] LogOutputStream:75 - [STDERR_REDIRECT] Jul 29, 2025 7:06:46 PM java.util.prefs.FileSystemPreferences syncWorld
2025-07-29 19:06:46,781 [ERROR] LogOutputStream:75 - [STDERR_REDIRECT] WARNING: Couldn't flush system prefs: java.util.prefs.BackingStoreException: Couldn't get file lock.
2025-07-29 19:06:46,782 [ERROR] LogOutputStream:75 - [STDERR_REDIRECT] 
2025-07-29 19:07:01,360 [ERROR] LogOutputStream:75 - [STDERR_REDIRECT] 
2025-07-29 19:07:01,362 [ERROR] LogOutputStream:75 - [STDERR_REDIRECT] 
